<?xml version="1.0" encoding="UTF-8"?>
<!-- Generated by org.testng.reporters.JUnitXMLReporter -->
<testsuite hostname="Gyro.local" name="Surefire test" tests="4" failures="0" timestamp="15 May 2016 17:25:46 GMT" time="0.448" errors="0">
  <testcase name="checkHowTo" time="0.001" classname="org.game.sudoku.AppTest"/>
  <testcase name="checkPlay" time="0.0" classname="org.game.sudoku.AppTest"/>
  <testcase name="checkQuit" time="0.001" classname="org.game.sudoku.AppTest"/>
  <testcase name="checkStart" time="0.002" classname="org.game.sudoku.AppTest"/>
</testsuite> <!-- Surefire test -->
